<?xml version="1.0" encoding="UTF-8"?>
<!-- Generated by org.testng.reporters.JUnitXMLReporter -->
<testsuite ignored="0" hostname="testvm01" failures="1" tests="1" name="Default test(failed)" time="0.077" errors="0" timestamp="2023-09-18T14:51:29 IST">
  <testcase classname="testNGExecution.SelectBrowser_ParameterExecution" name="paramerized_Tes" time="0.0">
    <failure type="org.testng.TestNGException" message="
Parameter &amp;apos;Browser&amp;apos; is required by @Test on method paramerized_Tes but has not been marked @Optional or defined
in C:\Users\cloudadmin\Desktop\wcsa6workspace\wcsa6seleniumproject\test-output\Default suite\testng-failed.xml">
      <![CDATA[org.testng.TestNGException: 
Parameter 'Browser' is required by @Test on method paramerized_Tes but has not been marked @Optional or defined
in C:\Users\cloudadmin\Desktop\wcsa6workspace\wcsa6seleniumproject\test-output\Default suite\testng-failed.xml
at java.base/java.util.ArrayList.forEach(ArrayList.java:1511)
... Removed 26 stack frames]]>
    </failure>
  </testcase> <!-- paramerized_Tes -->
</testsuite> <!-- Default test(failed) -->
